0 info it worked if it ends with ok
1 verbose cli [ '/Users/chenxinyi/.nvm/versions/node/v6.10.0/bin/node',
1 verbose cli   '/Users/chenxinyi/.nvm/versions/node/v6.10.0/bin/npm',
1 verbose cli   'run',
1 verbose cli   'dev:weapp' ]
2 info using npm@3.10.10
3 info using node@v6.10.0
4 verbose run-script [ 'predev:weapp', 'dev:weapp', 'postdev:weapp' ]
5 info lifecycle laigedianying-mini@1.0.0~predev:weapp: laigedianying-mini@1.0.0
6 silly lifecycle laigedianying-mini@1.0.0~predev:weapp: no script for predev:weapp, continuing
7 info lifecycle laigedianying-mini@1.0.0~dev:weapp: laigedianying-mini@1.0.0
8 verbose lifecycle laigedianying-mini@1.0.0~dev:weapp: unsafe-perm in lifecycle true
9 verbose lifecycle laigedianying-mini@1.0.0~dev:weapp: PATH: /Users/chenxinyi/.nvm/versions/node/v6.10.0/lib/node_modules/npm/bin/node-gyp-bin:/Users/chenxinyi/Documents/demo/laigedianying-mini/client/node_modules/.bin:/Users/chenxinyi/.pyenv/shims:/Users/chenxinyi/.pyenv/bin:/Users/chenxinyi/.nvm/versions/node/v6.10.0/bin:/Users/chenxinyi/.pyenv/shims:/Users/chenxinyi/.pyenv/bin:/bin:/usr/bin:/usr/local/mongodb/bin:/usr/local:/usr/local/bin:/usr/local/opt/ncurses/bin:/bin:/usr/local/Cellar/node/11.1.0/bin:/usr/bin:/usr/local/bin:/Library/Frameworks/Python.framework/Versions/3.7/bin:/usr/local/bin:/usr/bin:/bin:/usr/sbin:/sbin:/usr/local/aria2/bin:/Users/chenxinyi/Library/Android/sdk/platform-tools:/Users/chenxinyi/Library/Android/sdk/tools
10 verbose lifecycle laigedianying-mini@1.0.0~dev:weapp: CWD: /Users/chenxinyi/Documents/demo/laigedianying-mini/client
11 silly lifecycle laigedianying-mini@1.0.0~dev:weapp: Args: [ '-c', 'npm run build:weapp -- --watch' ]
12 silly lifecycle laigedianying-mini@1.0.0~dev:weapp: Returned: code: 1  signal: null
13 info lifecycle laigedianying-mini@1.0.0~dev:weapp: Failed to exec dev:weapp script
14 verbose stack Error: laigedianying-mini@1.0.0 dev:weapp: `npm run build:weapp -- --watch`
14 verbose stack Exit status 1
14 verbose stack     at EventEmitter.<anonymous> (/Users/chenxinyi/.nvm/versions/node/v6.10.0/lib/node_modules/npm/lib/utils/lifecycle.js:255:16)
14 verbose stack     at emitTwo (events.js:106:13)
14 verbose stack     at EventEmitter.emit (events.js:191:7)
14 verbose stack     at ChildProcess.<anonymous> (/Users/chenxinyi/.nvm/versions/node/v6.10.0/lib/node_modules/npm/lib/utils/spawn.js:40:14)
14 verbose stack     at emitTwo (events.js:106:13)
14 verbose stack     at ChildProcess.emit (events.js:191:7)
14 verbose stack     at maybeClose (internal/child_process.js:877:16)
14 verbose stack     at Process.ChildProcess._handle.onexit (internal/child_process.js:226:5)
15 verbose pkgid laigedianying-mini@1.0.0
16 verbose cwd /Users/chenxinyi/Documents/demo/laigedianying-mini/client
17 error Darwin 17.7.0
18 error argv "/Users/chenxinyi/.nvm/versions/node/v6.10.0/bin/node" "/Users/chenxinyi/.nvm/versions/node/v6.10.0/bin/npm" "run" "dev:weapp"
19 error node v6.10.0
20 error npm  v3.10.10
21 error code ELIFECYCLE
22 error laigedianying-mini@1.0.0 dev:weapp: `npm run build:weapp -- --watch`
22 error Exit status 1
23 error Failed at the laigedianying-mini@1.0.0 dev:weapp script 'npm run build:weapp -- --watch'.
23 error Make sure you have the latest version of node.js and npm installed.
23 error If you do, this is most likely a problem with the laigedianying-mini package,
23 error not with npm itself.
23 error Tell the author that this fails on your system:
23 error     npm run build:weapp -- --watch
23 error You can get information on how to open an issue for this project with:
23 error     npm bugs laigedianying-mini
23 error Or if that isn't available, you can get their info via:
23 error     npm owner ls laigedianying-mini
23 error There is likely additional logging output above.
24 verbose exit [ 1, true ]
